E, [2017-04-02T20:40:57.055337 #22720] ERROR -- : JSON.parse could not parse value: null
E, [2017-04-02T20:40:57.055400 #22720] ERROR -- : 784: unexpected token at 'null' (JSON::ParserError)
/home/baruh/.rvm/rubies/ruby-2.3.1/lib/ruby/2.3.0/json/common.rb:156:in `parse'
/home/baruh/.rvm/rubies/ruby-2.3.1/lib/ruby/2.3.0/json/common.rb:156:in `parse'
/home/baruh/git/wiki_game_api/lib/wiki_game/stores/redis.rb:32:in `get'
/home/baruh/git/wiki_game_api/spec/wiki_game/stores/redis_spec.rb:24:in `block (3 levels) in <top (required)>'
/home/baruh/.rvm/gems/ruby-2.3.1/gems/rspec-core-3.5.4/lib/rspec/core/example.rb:254:in `instance_exec'
/home/baruh/.rvm/gems/ruby-2.3.1/gems/rspec-core-3.5.4/lib/rspec/core/example.rb:254:in `block in run'
/home/baruh/.rvm/gems/ruby-2.3.1/gems/rspec-core-3.5.4/lib/rspec/core/example.rb:496:in `block in with_around_and_singleton_context_hooks'
/home/baruh/.rvm/gems/ruby-2.3.1/gems/rspec-core-3.5.4/lib/rspec/core/example.rb:453:in `block in with_around_example_hooks'
/home/baruh/.rvm/gems/ruby-2.3.1/gems/rspec-core-3.5.4/lib/rspec/core/hooks.rb:464:in `block in run'
/home/baruh/.rvm/gems/ruby-2.3.1/gems/rspec-core-3.5.4/lib/rspec/core/hooks.rb:602:in `run_around_example_hooks_for'
/home/baruh/.rvm/gems/ruby-2.3.1/gems/rspec-core-3.5.4/lib/rspec/core/hooks.rb:464:in `run'
/home/baruh/.rvm/gems/ruby-2.3.1/gems/rspec-core-3.5.4/lib/rspec/core/example.rb:453:in `with_around_example_hooks'
/home/baruh/.rvm/gems/ruby-2.3.1/gems/rspec-core-3.5.4/lib/rspec/core/example.rb:496:in `with_around_and_singleton_context_hooks'
/home/baruh/.rvm/gems/ruby-2.3.1/gems/rspec-core-3.5.4/lib/rspec/core/example.rb:251:in `run'
/home/baruh/.rvm/gems/ruby-2.3.1/gems/rspec-core-3.5.4/lib/rspec/core/example_group.rb:627:in `block in run_examples'
/home/baruh/.rvm/gems/ruby-2.3.1/gems/rspec-core-3.5.4/lib/rspec/core/example_group.rb:623:in `map'
/home/baruh/.rvm/gems/ruby-2.3.1/gems/rspec-core-3.5.4/lib/rspec/core/example_group.rb:623:in `run_examples'
/home/baruh/.rvm/gems/ruby-2.3.1/gems/rspec-core-3.5.4/lib/rspec/core/example_group.rb:589:in `run'
/home/baruh/.rvm/gems/ruby-2.3.1/gems/rspec-core-3.5.4/lib/rspec/core/example_group.rb:590:in `block in run'
/home/baruh/.rvm/gems/ruby-2.3.1/gems/rspec-core-3.5.4/lib/rspec/core/example_group.rb:590:in `map'
/home/baruh/.rvm/gems/ruby-2.3.1/gems/rspec-core-3.5.4/lib/rspec/core/example_group.rb:590:in `run'
/home/baruh/.rvm/gems/ruby-2.3.1/gems/rspec-core-3.5.4/lib/rspec/core/runner.rb:113:in `block (3 levels) in run_specs'
/home/baruh/.rvm/gems/ruby-2.3.1/gems/rspec-core-3.5.4/lib/rspec/core/runner.rb:113:in `map'
/home/baruh/.rvm/gems/ruby-2.3.1/gems/rspec-core-3.5.4/lib/rspec/core/runner.rb:113:in `block (2 levels) in run_specs'
/home/baruh/.rvm/gems/ruby-2.3.1/gems/rspec-core-3.5.4/lib/rspec/core/configuration.rb:1835:in `with_suite_hooks'
/home/baruh/.rvm/gems/ruby-2.3.1/gems/rspec-core-3.5.4/lib/rspec/core/runner.rb:112:in `block in run_specs'
/home/baruh/.rvm/gems/ruby-2.3.1/gems/rspec-core-3.5.4/lib/rspec/core/reporter.rb:77:in `report'
/home/baruh/.rvm/gems/ruby-2.3.1/gems/rspec-core-3.5.4/lib/rspec/core/runner.rb:111:in `run_specs'
/home/baruh/.rvm/gems/ruby-2.3.1/gems/rspec-core-3.5.4/lib/rspec/core/runner.rb:87:in `run'
/home/baruh/.rvm/gems/ruby-2.3.1/gems/rspec-core-3.5.4/lib/rspec/core/runner.rb:71:in `run'
/home/baruh/.rvm/gems/ruby-2.3.1/gems/rspec-core-3.5.4/lib/rspec/core/runner.rb:45:in `invoke'
/home/baruh/.rvm/gems/ruby-2.3.1/gems/rspec-core-3.5.4/exe/rspec:4:in `<top (required)>'
/home/baruh/.rvm/gems/ruby-2.3.1/bin/rspec:23:in `load'
/home/baruh/.rvm/gems/ruby-2.3.1/bin/rspec:23:in `<main>'
/home/baruh/.rvm/gems/ruby-2.3.1/bin/ruby_executable_hooks:15:in `eval'
/home/baruh/.rvm/gems/ruby-2.3.1/bin/ruby_executable_hooks:15:in `<main>'
E, [2017-04-02T20:40:57.057100 #22720] ERROR -- : JSON.parse could not parse value: 
E, [2017-04-02T20:40:57.057136 #22720] ERROR -- : A JSON text must at least contain two octets! (JSON::ParserError)
/home/baruh/.rvm/rubies/ruby-2.3.1/lib/ruby/2.3.0/json/common.rb:156:in `initialize'
/home/baruh/.rvm/rubies/ruby-2.3.1/lib/ruby/2.3.0/json/common.rb:156:in `new'
/home/baruh/.rvm/rubies/ruby-2.3.1/lib/ruby/2.3.0/json/common.rb:156:in `parse'
/home/baruh/git/wiki_game_api/lib/wiki_game/stores/redis.rb:32:in `get'
/home/baruh/git/wiki_game_api/spec/wiki_game/stores/redis_spec.rb:29:in `block (3 levels) in <top (required)>'
/home/baruh/.rvm/gems/ruby-2.3.1/gems/rspec-core-3.5.4/lib/rspec/core/example.rb:254:in `instance_exec'
/home/baruh/.rvm/gems/ruby-2.3.1/gems/rspec-core-3.5.4/lib/rspec/core/example.rb:254:in `block in run'
/home/baruh/.rvm/gems/ruby-2.3.1/gems/rspec-core-3.5.4/lib/rspec/core/example.rb:496:in `block in with_around_and_singleton_context_hooks'
/home/baruh/.rvm/gems/ruby-2.3.1/gems/rspec-core-3.5.4/lib/rspec/core/example.rb:453:in `block in with_around_example_hooks'
/home/baruh/.rvm/gems/ruby-2.3.1/gems/rspec-core-3.5.4/lib/rspec/core/hooks.rb:464:in `block in run'
/home/baruh/.rvm/gems/ruby-2.3.1/gems/rspec-core-3.5.4/lib/rspec/core/hooks.rb:602:in `run_around_example_hooks_for'
/home/baruh/.rvm/gems/ruby-2.3.1/gems/rspec-core-3.5.4/lib/rspec/core/hooks.rb:464:in `run'
/home/baruh/.rvm/gems/ruby-2.3.1/gems/rspec-core-3.5.4/lib/rspec/core/example.rb:453:in `with_around_example_hooks'
/home/baruh/.rvm/gems/ruby-2.3.1/gems/rspec-core-3.5.4/lib/rspec/core/example.rb:496:in `with_around_and_singleton_context_hooks'
/home/baruh/.rvm/gems/ruby-2.3.1/gems/rspec-core-3.5.4/lib/rspec/core/example.rb:251:in `run'
/home/baruh/.rvm/gems/ruby-2.3.1/gems/rspec-core-3.5.4/lib/rspec/core/example_group.rb:627:in `block in run_examples'
/home/baruh/.rvm/gems/ruby-2.3.1/gems/rspec-core-3.5.4/lib/rspec/core/example_group.rb:623:in `map'
/home/baruh/.rvm/gems/ruby-2.3.1/gems/rspec-core-3.5.4/lib/rspec/core/example_group.rb:623:in `run_examples'
/home/baruh/.rvm/gems/ruby-2.3.1/gems/rspec-core-3.5.4/lib/rspec/core/example_group.rb:589:in `run'
/home/baruh/.rvm/gems/ruby-2.3.1/gems/rspec-core-3.5.4/lib/rspec/core/example_group.rb:590:in `block in run'
/home/baruh/.rvm/gems/ruby-2.3.1/gems/rspec-core-3.5.4/lib/rspec/core/example_group.rb:590:in `map'
/home/baruh/.rvm/gems/ruby-2.3.1/gems/rspec-core-3.5.4/lib/rspec/core/example_group.rb:590:in `run'
/home/baruh/.rvm/gems/ruby-2.3.1/gems/rspec-core-3.5.4/lib/rspec/core/runner.rb:113:in `block (3 levels) in run_specs'
/home/baruh/.rvm/gems/ruby-2.3.1/gems/rspec-core-3.5.4/lib/rspec/core/runner.rb:113:in `map'
/home/baruh/.rvm/gems/ruby-2.3.1/gems/rspec-core-3.5.4/lib/rspec/core/runner.rb:113:in `block (2 levels) in run_specs'
/home/baruh/.rvm/gems/ruby-2.3.1/gems/rspec-core-3.5.4/lib/rspec/core/configuration.rb:1835:in `with_suite_hooks'
/home/baruh/.rvm/gems/ruby-2.3.1/gems/rspec-core-3.5.4/lib/rspec/core/runner.rb:112:in `block in run_specs'
/home/baruh/.rvm/gems/ruby-2.3.1/gems/rspec-core-3.5.4/lib/rspec/core/reporter.rb:77:in `report'
/home/baruh/.rvm/gems/ruby-2.3.1/gems/rspec-core-3.5.4/lib/rspec/core/runner.rb:111:in `run_specs'
/home/baruh/.rvm/gems/ruby-2.3.1/gems/rspec-core-3.5.4/lib/rspec/core/runner.rb:87:in `run'
/home/baruh/.rvm/gems/ruby-2.3.1/gems/rspec-core-3.5.4/lib/rspec/core/runner.rb:71:in `run'
/home/baruh/.rvm/gems/ruby-2.3.1/gems/rspec-core-3.5.4/lib/rspec/core/runner.rb:45:in `invoke'
/home/baruh/.rvm/gems/ruby-2.3.1/gems/rspec-core-3.5.4/exe/rspec:4:in `<top (required)>'
/home/baruh/.rvm/gems/ruby-2.3.1/bin/rspec:23:in `load'
/home/baruh/.rvm/gems/ruby-2.3.1/bin/rspec:23:in `<main>'
/home/baruh/.rvm/gems/ruby-2.3.1/bin/ruby_executable_hooks:15:in `eval'
/home/baruh/.rvm/gems/ruby-2.3.1/bin/ruby_executable_hooks:15:in `<main>'
E, [2017-04-02T20:40:57.059181 #22720] ERROR -- : JSON.parse could not parse value: value
E, [2017-04-02T20:40:57.059209 #22720] ERROR -- : 784: unexpected token at 'value' (JSON::ParserError)
/home/baruh/.rvm/rubies/ruby-2.3.1/lib/ruby/2.3.0/json/common.rb:156:in `parse'
/home/baruh/.rvm/rubies/ruby-2.3.1/lib/ruby/2.3.0/json/common.rb:156:in `parse'
/home/baruh/git/wiki_game_api/lib/wiki_game/stores/redis.rb:32:in `get'
/home/baruh/git/wiki_game_api/spec/wiki_game/stores/redis_spec.rb:38:in `block (3 levels) in <top (required)>'
/home/baruh/.rvm/gems/ruby-2.3.1/gems/rspec-core-3.5.4/lib/rspec/core/example.rb:254:in `instance_exec'
/home/baruh/.rvm/gems/ruby-2.3.1/gems/rspec-core-3.5.4/lib/rspec/core/example.rb:254:in `block in run'
/home/baruh/.rvm/gems/ruby-2.3.1/gems/rspec-core-3.5.4/lib/rspec/core/example.rb:496:in `block in with_around_and_singleton_context_hooks'
/home/baruh/.rvm/gems/ruby-2.3.1/gems/rspec-core-3.5.4/lib/rspec/core/example.rb:453:in `block in with_around_example_hooks'
/home/baruh/.rvm/gems/ruby-2.3.1/gems/rspec-core-3.5.4/lib/rspec/core/hooks.rb:464:in `block in run'
/home/baruh/.rvm/gems/ruby-2.3.1/gems/rspec-core-3.5.4/lib/rspec/core/hooks.rb:602:in `run_around_example_hooks_for'
/home/baruh/.rvm/gems/ruby-2.3.1/gems/rspec-core-3.5.4/lib/rspec/core/hooks.rb:464:in `run'
/home/baruh/.rvm/gems/ruby-2.3.1/gems/rspec-core-3.5.4/lib/rspec/core/example.rb:453:in `with_around_example_hooks'
/home/baruh/.rvm/gems/ruby-2.3.1/gems/rspec-core-3.5.4/lib/rspec/core/example.rb:496:in `with_around_and_singleton_context_hooks'
/home/baruh/.rvm/gems/ruby-2.3.1/gems/rspec-core-3.5.4/lib/rspec/core/example.rb:251:in `run'
/home/baruh/.rvm/gems/ruby-2.3.1/gems/rspec-core-3.5.4/lib/rspec/core/example_group.rb:627:in `block in run_examples'
/home/baruh/.rvm/gems/ruby-2.3.1/gems/rspec-core-3.5.4/lib/rspec/core/example_group.rb:623:in `map'
/home/baruh/.rvm/gems/ruby-2.3.1/gems/rspec-core-3.5.4/lib/rspec/core/example_group.rb:623:in `run_examples'
/home/baruh/.rvm/gems/ruby-2.3.1/gems/rspec-core-3.5.4/lib/rspec/core/example_group.rb:589:in `run'
/home/baruh/.rvm/gems/ruby-2.3.1/gems/rspec-core-3.5.4/lib/rspec/core/example_group.rb:590:in `block in run'
/home/baruh/.rvm/gems/ruby-2.3.1/gems/rspec-core-3.5.4/lib/rspec/core/example_group.rb:590:in `map'
/home/baruh/.rvm/gems/ruby-2.3.1/gems/rspec-core-3.5.4/lib/rspec/core/example_group.rb:590:in `run'
/home/baruh/.rvm/gems/ruby-2.3.1/gems/rspec-core-3.5.4/lib/rspec/core/runner.rb:113:in `block (3 levels) in run_specs'
/home/baruh/.rvm/gems/ruby-2.3.1/gems/rspec-core-3.5.4/lib/rspec/core/runner.rb:113:in `map'
/home/baruh/.rvm/gems/ruby-2.3.1/gems/rspec-core-3.5.4/lib/rspec/core/runner.rb:113:in `block (2 levels) in run_specs'
/home/baruh/.rvm/gems/ruby-2.3.1/gems/rspec-core-3.5.4/lib/rspec/core/configuration.rb:1835:in `with_suite_hooks'
/home/baruh/.rvm/gems/ruby-2.3.1/gems/rspec-core-3.5.4/lib/rspec/core/runner.rb:112:in `block in run_specs'
/home/baruh/.rvm/gems/ruby-2.3.1/gems/rspec-core-3.5.4/lib/rspec/core/reporter.rb:77:in `report'
/home/baruh/.rvm/gems/ruby-2.3.1/gems/rspec-core-3.5.4/lib/rspec/core/runner.rb:111:in `run_specs'
/home/baruh/.rvm/gems/ruby-2.3.1/gems/rspec-core-3.5.4/lib/rspec/core/runner.rb:87:in `run'
/home/baruh/.rvm/gems/ruby-2.3.1/gems/rspec-core-3.5.4/lib/rspec/core/runner.rb:71:in `run'
/home/baruh/.rvm/gems/ruby-2.3.1/gems/rspec-core-3.5.4/lib/rspec/core/runner.rb:45:in `invoke'
/home/baruh/.rvm/gems/ruby-2.3.1/gems/rspec-core-3.5.4/exe/rspec:4:in `<top (required)>'
/home/baruh/.rvm/gems/ruby-2.3.1/bin/rspec:23:in `load'
/home/baruh/.rvm/gems/ruby-2.3.1/bin/rspec:23:in `<main>'
/home/baruh/.rvm/gems/ruby-2.3.1/bin/ruby_executable_hooks:15:in `eval'
/home/baruh/.rvm/gems/ruby-2.3.1/bin/ruby_executable_hooks:15:in `<main>'
