[2017-03-26T12:01:13,795][INFO ][o.e.n.Node               ] [] initializing ...
[2017-03-26T12:01:14,075][INFO ][o.e.e.NodeEnvironment    ] [eb4tmpS] using [1] data paths, mounts [[/home (/dev/mapper/centos-home)]], net usable_space [164.2gb], net total_space [639.9gb], spins? [possibly], types [xfs]
[2017-03-26T12:01:14,076][INFO ][o.e.e.NodeEnvironment    ] [eb4tmpS] heap size [1.9gb], compressed ordinary object pointers [true]
[2017-03-26T12:01:14,078][INFO ][o.e.n.Node               ] node name [eb4tmpS] derived from node ID [eb4tmpSqQMupkCg8nyq1mQ]; set [node.name] to override
[2017-03-26T12:01:14,081][INFO ][o.e.n.Node               ] version[5.2.2], pid[27747], build[f9d9b74/2017-02-24T17:26:45.835Z], OS[Linux/3.10.0-327.3.1.el7.x86_64/amd64], JVM[Oracle Corporation/OpenJDK 64-Bit Server VM/1.8.0_121/25.121-b13]
[2017-03-26T12:01:14,862][INFO ][o.e.p.PluginsService     ] [eb4tmpS] loaded module [aggs-matrix-stats]
[2017-03-26T12:01:14,862][INFO ][o.e.p.PluginsService     ] [eb4tmpS] loaded module [ingest-common]
[2017-03-26T12:01:14,862][INFO ][o.e.p.PluginsService     ] [eb4tmpS] loaded module [lang-expression]
[2017-03-26T12:01:14,862][INFO ][o.e.p.PluginsService     ] [eb4tmpS] loaded module [lang-groovy]
[2017-03-26T12:01:14,863][INFO ][o.e.p.PluginsService     ] [eb4tmpS] loaded module [lang-mustache]
[2017-03-26T12:01:14,863][INFO ][o.e.p.PluginsService     ] [eb4tmpS] loaded module [lang-painless]
[2017-03-26T12:01:14,863][INFO ][o.e.p.PluginsService     ] [eb4tmpS] loaded module [percolator]
[2017-03-26T12:01:14,863][INFO ][o.e.p.PluginsService     ] [eb4tmpS] loaded module [reindex]
[2017-03-26T12:01:14,863][INFO ][o.e.p.PluginsService     ] [eb4tmpS] loaded module [transport-netty3]
[2017-03-26T12:01:14,863][INFO ][o.e.p.PluginsService     ] [eb4tmpS] loaded module [transport-netty4]
[2017-03-26T12:01:14,864][INFO ][o.e.p.PluginsService     ] [eb4tmpS] no plugins loaded
[2017-03-26T12:01:16,647][INFO ][o.e.n.Node               ] initialized
[2017-03-26T12:01:16,647][INFO ][o.e.n.Node               ] [eb4tmpS] starting ...
[2017-03-26T12:01:16,909][INFO ][o.e.t.TransportService   ] [eb4tmpS] publish_address {127.0.0.1:9300}, bound_addresses {[::1]:9300}, {127.0.0.1:9300}
[2017-03-26T12:01:16,917][WARN ][o.e.b.BootstrapChecks    ] [eb4tmpS] max file descriptors [4096] for elasticsearch process is too low, increase to at least [65536]
[2017-03-26T12:01:19,981][INFO ][o.e.c.s.ClusterService   ] [eb4tmpS] new_master {eb4tmpS}{eb4tmpSqQMupkCg8nyq1mQ}{VHlHpHQkSYmJjOD4a9ASXw}{127.0.0.1}{127.0.0.1:9300}, reason: zen-disco-elected-as-master ([0] nodes joined)
[2017-03-26T12:01:20,007][INFO ][o.e.h.HttpServer         ] [eb4tmpS] publish_address {127.0.0.1:9200}, bound_addresses {[::1]:9200}, {127.0.0.1:9200}
[2017-03-26T12:01:20,007][INFO ][o.e.n.Node               ] [eb4tmpS] started
[2017-03-26T12:01:20,059][INFO ][o.e.g.GatewayService     ] [eb4tmpS] recovered [0] indices into cluster_state
[2017-03-26T13:05:26,860][INFO ][o.e.c.m.MetaDataCreateIndexService] [eb4tmpS] [pages] creating index, cause [api], templates [], shards [5]/[1], mappings []
[2017-03-26T13:10:47,786][INFO ][o.e.c.m.MetaDataMappingService] [eb4tmpS] [pages/gHJoC6bZRMSaQoNI8RQpuw] create_mapping [page]
[2017-03-26T13:18:18,764][INFO ][o.e.c.m.MetaDataMappingService] [eb4tmpS] [pages/gHJoC6bZRMSaQoNI8RQpuw] update_mapping [page]
[2017-03-26T15:08:47,831][INFO ][o.e.c.m.MetaDataDeleteIndexService] [eb4tmpS] [pages/gHJoC6bZRMSaQoNI8RQpuw] deleting index
[2017-03-26T15:08:47,958][INFO ][o.e.c.m.MetaDataCreateIndexService] [eb4tmpS] [pages] creating index, cause [auto(index api)], templates [], shards [5]/[1], mappings []
[2017-03-26T15:08:49,033][INFO ][o.e.c.m.MetaDataMappingService] [eb4tmpS] [pages/sz_9N0U9RnKK40ujhXk-Qw] create_mapping [page]
[2017-03-26T15:08:49,205][INFO ][o.e.c.m.MetaDataDeleteIndexService] [eb4tmpS] [pages/sz_9N0U9RnKK40ujhXk-Qw] deleting index
[2017-03-26T15:08:49,287][INFO ][o.e.c.m.MetaDataCreateIndexService] [eb4tmpS] [pages] creating index, cause [auto(index api)], templates [], shards [5]/[1], mappings []
[2017-03-26T15:08:50,280][INFO ][o.e.c.m.MetaDataMappingService] [eb4tmpS] [pages/bQ3SlkLYR5GctAbDquYkbg] create_mapping [page]
[2017-03-26T15:08:50,398][INFO ][o.e.c.m.MetaDataDeleteIndexService] [eb4tmpS] [pages/bQ3SlkLYR5GctAbDquYkbg] deleting index
[2017-03-26T15:08:50,481][INFO ][o.e.c.m.MetaDataCreateIndexService] [eb4tmpS] [pages] creating index, cause [auto(index api)], templates [], shards [5]/[1], mappings []
[2017-03-26T15:08:51,564][INFO ][o.e.c.m.MetaDataMappingService] [eb4tmpS] [pages/udRKa1RzTbe_GUhlfoQAGA] create_mapping [page]
[2017-03-26T15:08:51,706][INFO ][o.e.c.m.MetaDataDeleteIndexService] [eb4tmpS] [pages/udRKa1RzTbe_GUhlfoQAGA] deleting index
[2017-03-26T15:08:51,799][INFO ][o.e.c.m.MetaDataCreateIndexService] [eb4tmpS] [pages] creating index, cause [auto(index api)], templates [], shards [5]/[1], mappings []
[2017-03-26T15:08:53,458][INFO ][o.e.c.m.MetaDataMappingService] [eb4tmpS] [pages/VpO5l6juRcGufo_R6AmFuQ] create_mapping [page]
[2017-03-26T15:10:39,844][INFO ][o.e.c.m.MetaDataDeleteIndexService] [eb4tmpS] [pages/VpO5l6juRcGufo_R6AmFuQ] deleting index
[2017-03-26T15:10:39,955][INFO ][o.e.c.m.MetaDataCreateIndexService] [eb4tmpS] [pages] creating index, cause [auto(index api)], templates [], shards [5]/[1], mappings []
[2017-03-26T15:10:41,014][INFO ][o.e.c.m.MetaDataMappingService] [eb4tmpS] [pages/PAsapg-JRjqR3WLNFqBF1g] create_mapping [page]
[2017-03-26T15:10:41,166][INFO ][o.e.c.m.MetaDataDeleteIndexService] [eb4tmpS] [pages/PAsapg-JRjqR3WLNFqBF1g] deleting index
[2017-03-26T15:10:41,257][INFO ][o.e.c.m.MetaDataCreateIndexService] [eb4tmpS] [pages] creating index, cause [auto(index api)], templates [], shards [5]/[1], mappings []
[2017-03-26T15:10:42,338][INFO ][o.e.c.m.MetaDataMappingService] [eb4tmpS] [pages/xuIvPDfqQdSGsBhaiFc7IQ] create_mapping [page]
[2017-03-26T15:10:42,478][INFO ][o.e.c.m.MetaDataDeleteIndexService] [eb4tmpS] [pages/xuIvPDfqQdSGsBhaiFc7IQ] deleting index
[2017-03-26T15:10:42,661][INFO ][o.e.c.m.MetaDataCreateIndexService] [eb4tmpS] [pages] creating index, cause [auto(index api)], templates [], shards [5]/[1], mappings []
[2017-03-26T15:10:43,764][INFO ][o.e.c.m.MetaDataMappingService] [eb4tmpS] [pages/Xzs1-d38T2SzwnoirKdXrw] create_mapping [page]
[2017-03-26T15:11:57,911][INFO ][o.e.c.m.MetaDataDeleteIndexService] [eb4tmpS] [pages/Xzs1-d38T2SzwnoirKdXrw] deleting index
[2017-03-26T15:16:20,078][INFO ][o.e.c.m.MetaDataCreateIndexService] [eb4tmpS] [pages] creating index, cause [api], templates [], shards [5]/[1], mappings []
[2017-03-26T15:16:21,205][INFO ][o.e.c.m.MetaDataMappingService] [eb4tmpS] [pages/QoAWbFamQrG2N69kip9ZBQ] create_mapping [page]
[2017-03-26T16:20:43,317][INFO ][o.e.c.m.MetaDataDeleteIndexService] [eb4tmpS] [pages/QoAWbFamQrG2N69kip9ZBQ] deleting index
[2017-03-26T16:21:14,044][INFO ][o.e.c.m.MetaDataCreateIndexService] [eb4tmpS] [pages] creating index, cause [api], templates [], shards [5]/[1], mappings []
[2017-03-26T16:21:15,189][INFO ][o.e.c.m.MetaDataMappingService] [eb4tmpS] [pages/2_intzLfRAqSd0_1VTjv7w] create_mapping [page]
[2017-03-26T16:21:17,524][INFO ][o.e.c.m.MetaDataDeleteIndexService] [eb4tmpS] [pages/2_intzLfRAqSd0_1VTjv7w] deleting index
[2017-03-26T16:21:17,605][INFO ][o.e.c.m.MetaDataCreateIndexService] [eb4tmpS] [pages] creating index, cause [api], templates [], shards [5]/[1], mappings []
[2017-03-26T16:21:18,588][INFO ][o.e.c.m.MetaDataMappingService] [eb4tmpS] [pages/0pSgQAEISLuTbArENgz_EQ] create_mapping [page]
[2017-03-26T16:22:17,056][INFO ][o.e.c.m.MetaDataDeleteIndexService] [eb4tmpS] [pages/0pSgQAEISLuTbArENgz_EQ] deleting index
[2017-03-26T16:22:17,152][INFO ][o.e.c.m.MetaDataCreateIndexService] [eb4tmpS] [pages] creating index, cause [auto(index api)], templates [], shards [5]/[1], mappings []
[2017-03-26T16:22:18,237][INFO ][o.e.c.m.MetaDataMappingService] [eb4tmpS] [pages/lm1ZEz5USFmBwC-LX4ai-w] create_mapping [page]
[2017-03-26T16:22:18,369][INFO ][o.e.c.m.MetaDataDeleteIndexService] [eb4tmpS] [pages/lm1ZEz5USFmBwC-LX4ai-w] deleting index
[2017-03-26T16:22:18,438][INFO ][o.e.c.m.MetaDataCreateIndexService] [eb4tmpS] [pages] creating index, cause [auto(index api)], templates [], shards [5]/[1], mappings []
[2017-03-26T16:22:19,479][INFO ][o.e.c.m.MetaDataMappingService] [eb4tmpS] [pages/Q-df3zIGQsyJYeUCs7cNNg] create_mapping [page]
[2017-03-26T16:22:19,619][INFO ][o.e.c.m.MetaDataDeleteIndexService] [eb4tmpS] [pages/Q-df3zIGQsyJYeUCs7cNNg] deleting index
[2017-03-26T16:22:19,701][INFO ][o.e.c.m.MetaDataCreateIndexService] [eb4tmpS] [pages] creating index, cause [auto(index api)], templates [], shards [5]/[1], mappings []
[2017-03-26T16:22:20,749][INFO ][o.e.c.m.MetaDataMappingService] [eb4tmpS] [pages/aK0mfLfARWyoEb2MfSz0iQ] create_mapping [page]
[2017-03-26T16:22:20,884][INFO ][o.e.c.m.MetaDataDeleteIndexService] [eb4tmpS] [pages/aK0mfLfARWyoEb2MfSz0iQ] deleting index
[2017-03-26T16:22:20,972][INFO ][o.e.c.m.MetaDataCreateIndexService] [eb4tmpS] [pages] creating index, cause [auto(index api)], templates [], shards [5]/[1], mappings []
[2017-03-26T16:22:22,031][INFO ][o.e.c.m.MetaDataMappingService] [eb4tmpS] [pages/_oStZOThT4CqgDsTQmKpqg] create_mapping [page]
[2017-03-26T16:28:50,493][INFO ][o.e.c.m.MetaDataDeleteIndexService] [eb4tmpS] [pages/_oStZOThT4CqgDsTQmKpqg] deleting index
[2017-03-26T16:28:50,655][INFO ][o.e.c.m.MetaDataCreateIndexService] [eb4tmpS] [pages] creating index, cause [auto(index api)], templates [], shards [5]/[1], mappings []
[2017-03-26T16:28:51,666][INFO ][o.e.c.m.MetaDataMappingService] [eb4tmpS] [pages/o4j-HuwgSNedxssTHJYBYQ] create_mapping [page]
[2017-03-26T16:28:51,796][INFO ][o.e.c.m.MetaDataDeleteIndexService] [eb4tmpS] [pages/o4j-HuwgSNedxssTHJYBYQ] deleting index
[2017-03-26T16:28:51,878][INFO ][o.e.c.m.MetaDataCreateIndexService] [eb4tmpS] [pages] creating index, cause [auto(index api)], templates [], shards [5]/[1], mappings []
[2017-03-26T16:28:52,893][INFO ][o.e.c.m.MetaDataMappingService] [eb4tmpS] [pages/g7YlFko5QOWELBfq2tlUvw] create_mapping [page]
[2017-03-26T16:28:53,035][INFO ][o.e.c.m.MetaDataDeleteIndexService] [eb4tmpS] [pages/g7YlFko5QOWELBfq2tlUvw] deleting index
[2017-03-26T16:28:53,116][INFO ][o.e.c.m.MetaDataCreateIndexService] [eb4tmpS] [pages] creating index, cause [auto(index api)], templates [], shards [5]/[1], mappings []
[2017-03-26T16:28:54,099][INFO ][o.e.c.m.MetaDataMappingService] [eb4tmpS] [pages/LYkp4QMfT5mP765I0CTdyQ] create_mapping [page]
[2017-03-26T16:28:54,227][INFO ][o.e.c.m.MetaDataDeleteIndexService] [eb4tmpS] [pages/LYkp4QMfT5mP765I0CTdyQ] deleting index
[2017-03-26T16:28:54,310][INFO ][o.e.c.m.MetaDataCreateIndexService] [eb4tmpS] [pages] creating index, cause [auto(index api)], templates [], shards [5]/[1], mappings []
[2017-03-26T16:28:55,289][INFO ][o.e.c.m.MetaDataMappingService] [eb4tmpS] [pages/-E_XNsOVSKagoC5hu3bSPA] create_mapping [page]
[2017-03-26T16:29:02,012][INFO ][o.e.c.m.MetaDataDeleteIndexService] [eb4tmpS] [pages/-E_XNsOVSKagoC5hu3bSPA] deleting index
[2017-03-26T16:29:02,123][INFO ][o.e.c.m.MetaDataCreateIndexService] [eb4tmpS] [pages] creating index, cause [auto(index api)], templates [], shards [5]/[1], mappings []
[2017-03-26T16:29:03,156][INFO ][o.e.c.m.MetaDataMappingService] [eb4tmpS] [pages/yVWF1A6yS1WMciH-WXiZfw] create_mapping [page]
[2017-03-26T16:29:03,301][INFO ][o.e.c.m.MetaDataDeleteIndexService] [eb4tmpS] [pages/yVWF1A6yS1WMciH-WXiZfw] deleting index
[2017-03-26T16:29:03,379][INFO ][o.e.c.m.MetaDataCreateIndexService] [eb4tmpS] [pages] creating index, cause [auto(index api)], templates [], shards [5]/[1], mappings []
[2017-03-26T16:29:04,449][INFO ][o.e.c.m.MetaDataMappingService] [eb4tmpS] [pages/kWd92JjeSLGDG-gPl9SJ3g] create_mapping [page]
[2017-03-26T16:29:04,593][INFO ][o.e.c.m.MetaDataDeleteIndexService] [eb4tmpS] [pages/kWd92JjeSLGDG-gPl9SJ3g] deleting index
[2017-03-26T16:29:04,673][INFO ][o.e.c.m.MetaDataCreateIndexService] [eb4tmpS] [pages] creating index, cause [auto(index api)], templates [], shards [5]/[1], mappings []
[2017-03-26T16:29:06,066][INFO ][o.e.c.m.MetaDataMappingService] [eb4tmpS] [pages/ksIubBYETr-Z65Mr9Lcysw] create_mapping [page]
[2017-03-26T16:29:06,214][INFO ][o.e.c.m.MetaDataDeleteIndexService] [eb4tmpS] [pages/ksIubBYETr-Z65Mr9Lcysw] deleting index
[2017-03-26T16:29:06,301][INFO ][o.e.c.m.MetaDataCreateIndexService] [eb4tmpS] [pages] creating index, cause [auto(index api)], templates [], shards [5]/[1], mappings []
[2017-03-26T16:29:07,327][INFO ][o.e.c.m.MetaDataMappingService] [eb4tmpS] [pages/N65hWCpzTwS7-LPIzqEySg] create_mapping [page]
[2017-03-26T16:29:51,612][INFO ][o.e.c.m.MetaDataDeleteIndexService] [eb4tmpS] [pages/N65hWCpzTwS7-LPIzqEySg] deleting index
[2017-03-26T16:29:51,717][INFO ][o.e.c.m.MetaDataCreateIndexService] [eb4tmpS] [pages] creating index, cause [auto(index api)], templates [], shards [5]/[1], mappings []
[2017-03-26T16:29:52,808][INFO ][o.e.c.m.MetaDataMappingService] [eb4tmpS] [pages/fLygh5abRo2W71uASl5Ocg] create_mapping [page]
[2017-03-26T16:29:52,927][INFO ][o.e.c.m.MetaDataDeleteIndexService] [eb4tmpS] [pages/fLygh5abRo2W71uASl5Ocg] deleting index
[2017-03-26T16:29:52,999][INFO ][o.e.c.m.MetaDataCreateIndexService] [eb4tmpS] [pages] creating index, cause [auto(index api)], templates [], shards [5]/[1], mappings []
[2017-03-26T16:29:54,035][INFO ][o.e.c.m.MetaDataMappingService] [eb4tmpS] [pages/3_olxIjtRgmTbqm0TMVtSQ] create_mapping [page]
[2017-03-26T16:29:54,156][INFO ][o.e.c.m.MetaDataDeleteIndexService] [eb4tmpS] [pages/3_olxIjtRgmTbqm0TMVtSQ] deleting index
[2017-03-26T16:29:54,236][INFO ][o.e.c.m.MetaDataCreateIndexService] [eb4tmpS] [pages] creating index, cause [auto(index api)], templates [], shards [5]/[1], mappings []
[2017-03-26T16:29:55,241][INFO ][o.e.c.m.MetaDataMappingService] [eb4tmpS] [pages/PNgxEk4eQWWT4zRlgS_oeg] create_mapping [page]
[2017-03-26T16:29:55,411][INFO ][o.e.c.m.MetaDataDeleteIndexService] [eb4tmpS] [pages/PNgxEk4eQWWT4zRlgS_oeg] deleting index
[2017-03-26T16:29:55,497][INFO ][o.e.c.m.MetaDataCreateIndexService] [eb4tmpS] [pages] creating index, cause [auto(index api)], templates [], shards [5]/[1], mappings []
[2017-03-26T16:29:56,466][INFO ][o.e.c.m.MetaDataMappingService] [eb4tmpS] [pages/tKDLNXvdQteKqyaHGLjDQA] create_mapping [page]
[2017-03-26T16:30:02,364][INFO ][o.e.c.m.MetaDataDeleteIndexService] [eb4tmpS] [pages/tKDLNXvdQteKqyaHGLjDQA] deleting index
[2017-03-26T16:30:02,445][INFO ][o.e.c.m.MetaDataCreateIndexService] [eb4tmpS] [pages] creating index, cause [auto(index api)], templates [], shards [5]/[1], mappings []
[2017-03-26T16:30:03,488][INFO ][o.e.c.m.MetaDataMappingService] [eb4tmpS] [pages/3ZVfVGHIRg2D8idf9ZCaJA] create_mapping [page]
[2017-03-26T16:30:03,600][INFO ][o.e.c.m.MetaDataDeleteIndexService] [eb4tmpS] [pages/3ZVfVGHIRg2D8idf9ZCaJA] deleting index
[2017-03-26T16:30:03,681][INFO ][o.e.c.m.MetaDataCreateIndexService] [eb4tmpS] [pages] creating index, cause [auto(index api)], templates [], shards [5]/[1], mappings []
[2017-03-26T16:30:04,649][INFO ][o.e.c.m.MetaDataMappingService] [eb4tmpS] [pages/fgTYodLuR1y86Egx7dmLMg] create_mapping [page]
[2017-03-26T16:30:04,768][INFO ][o.e.c.m.MetaDataDeleteIndexService] [eb4tmpS] [pages/fgTYodLuR1y86Egx7dmLMg] deleting index
[2017-03-26T16:30:04,851][INFO ][o.e.c.m.MetaDataCreateIndexService] [eb4tmpS] [pages] creating index, cause [auto(index api)], templates [], shards [5]/[1], mappings []
[2017-03-26T16:30:06,318][INFO ][o.e.c.m.MetaDataMappingService] [eb4tmpS] [pages/zgVMVf2NRuuCp71dRBVZtg] create_mapping [page]
[2017-03-26T16:30:06,444][INFO ][o.e.c.m.MetaDataDeleteIndexService] [eb4tmpS] [pages/zgVMVf2NRuuCp71dRBVZtg] deleting index
[2017-03-26T16:30:06,533][INFO ][o.e.c.m.MetaDataCreateIndexService] [eb4tmpS] [pages] creating index, cause [auto(index api)], templates [], shards [5]/[1], mappings []
[2017-03-26T16:30:07,549][INFO ][o.e.c.m.MetaDataMappingService] [eb4tmpS] [pages/nlj6sqWTT1Wjfn95o_IWVw] create_mapping [page]
[2017-03-26T16:30:33,543][INFO ][o.e.c.m.MetaDataDeleteIndexService] [eb4tmpS] [pages/nlj6sqWTT1Wjfn95o_IWVw] deleting index
[2017-03-26T16:30:33,636][INFO ][o.e.c.m.MetaDataCreateIndexService] [eb4tmpS] [pages] creating index, cause [auto(index api)], templates [], shards [5]/[1], mappings []
[2017-03-26T16:30:34,681][INFO ][o.e.c.m.MetaDataMappingService] [eb4tmpS] [pages/dwDmND5URViJcGWabOg_vQ] create_mapping [page]
[2017-03-26T16:30:34,814][INFO ][o.e.c.m.MetaDataDeleteIndexService] [eb4tmpS] [pages/dwDmND5URViJcGWabOg_vQ] deleting index
[2017-03-26T16:30:34,915][INFO ][o.e.c.m.MetaDataCreateIndexService] [eb4tmpS] [pages] creating index, cause [auto(index api)], templates [], shards [5]/[1], mappings []
[2017-03-26T16:30:36,408][INFO ][o.e.c.m.MetaDataMappingService] [eb4tmpS] [pages/PnjT7u8sROKzfcwMOdQMvA] create_mapping [page]
[2017-03-26T16:30:36,550][INFO ][o.e.c.m.MetaDataDeleteIndexService] [eb4tmpS] [pages/PnjT7u8sROKzfcwMOdQMvA] deleting index
[2017-03-26T16:30:36,620][INFO ][o.e.c.m.MetaDataCreateIndexService] [eb4tmpS] [pages] creating index, cause [auto(index api)], templates [], shards [5]/[1], mappings []
[2017-03-26T16:30:37,601][INFO ][o.e.c.m.MetaDataMappingService] [eb4tmpS] [pages/DGCLwDwNSGmEeiZPt39I3w] create_mapping [page]
[2017-03-26T16:30:37,747][INFO ][o.e.c.m.MetaDataDeleteIndexService] [eb4tmpS] [pages/DGCLwDwNSGmEeiZPt39I3w] deleting index
[2017-03-26T16:30:37,825][INFO ][o.e.c.m.MetaDataCreateIndexService] [eb4tmpS] [pages] creating index, cause [auto(index api)], templates [], shards [5]/[1], mappings []
[2017-03-26T16:30:38,862][INFO ][o.e.c.m.MetaDataMappingService] [eb4tmpS] [pages/hHByUAp_SDqLwFY1qnzQeg] create_mapping [page]
[2017-03-26T16:30:56,973][INFO ][o.e.c.m.MetaDataDeleteIndexService] [eb4tmpS] [pages/hHByUAp_SDqLwFY1qnzQeg] deleting index
[2017-03-26T16:30:57,072][INFO ][o.e.c.m.MetaDataCreateIndexService] [eb4tmpS] [pages] creating index, cause [auto(index api)], templates [], shards [5]/[1], mappings []
[2017-03-26T16:30:58,152][INFO ][o.e.c.m.MetaDataMappingService] [eb4tmpS] [pages/QqH0YyduRwuzQxeYd2lH5Q] create_mapping [page]
[2017-03-26T16:30:58,294][INFO ][o.e.c.m.MetaDataDeleteIndexService] [eb4tmpS] [pages/QqH0YyduRwuzQxeYd2lH5Q] deleting index
[2017-03-26T16:30:58,376][INFO ][o.e.c.m.MetaDataCreateIndexService] [eb4tmpS] [pages] creating index, cause [auto(index api)], templates [], shards [5]/[1], mappings []
[2017-03-26T16:30:59,445][INFO ][o.e.c.m.MetaDataMappingService] [eb4tmpS] [pages/6LXoObfmQIqU9hIGdFpWJw] create_mapping [page]
[2017-03-26T16:30:59,577][INFO ][o.e.c.m.MetaDataDeleteIndexService] [eb4tmpS] [pages/6LXoObfmQIqU9hIGdFpWJw] deleting index
[2017-03-26T16:30:59,647][INFO ][o.e.c.m.MetaDataCreateIndexService] [eb4tmpS] [pages] creating index, cause [auto(index api)], templates [], shards [5]/[1], mappings []
[2017-03-26T16:31:00,605][INFO ][o.e.c.m.MetaDataMappingService] [eb4tmpS] [pages/wgXQ8ao9Rui8CJahHeIHrg] create_mapping [page]
[2017-03-26T16:31:00,752][INFO ][o.e.c.m.MetaDataDeleteIndexService] [eb4tmpS] [pages/wgXQ8ao9Rui8CJahHeIHrg] deleting index
[2017-03-26T16:31:00,829][INFO ][o.e.c.m.MetaDataCreateIndexService] [eb4tmpS] [pages] creating index, cause [auto(index api)], templates [], shards [5]/[1], mappings []
[2017-03-26T16:31:01,854][INFO ][o.e.c.m.MetaDataMappingService] [eb4tmpS] [pages/NuDazwDsSnSqxCUbnXxkPA] create_mapping [page]
[2017-03-26T16:31:11,007][INFO ][o.e.c.m.MetaDataDeleteIndexService] [eb4tmpS] [pages/NuDazwDsSnSqxCUbnXxkPA] deleting index
[2017-03-26T16:31:11,110][INFO ][o.e.c.m.MetaDataCreateIndexService] [eb4tmpS] [pages] creating index, cause [auto(index api)], templates [], shards [5]/[1], mappings []
[2017-03-26T16:31:12,208][INFO ][o.e.c.m.MetaDataMappingService] [eb4tmpS] [pages/-dBQffPCSvCX9v474y1fLQ] create_mapping [page]
[2017-03-26T16:31:12,358][INFO ][o.e.c.m.MetaDataDeleteIndexService] [eb4tmpS] [pages/-dBQffPCSvCX9v474y1fLQ] deleting index
[2017-03-26T16:31:12,469][INFO ][o.e.c.m.MetaDataCreateIndexService] [eb4tmpS] [pages] creating index, cause [auto(index api)], templates [], shards [5]/[1], mappings []
[2017-03-26T16:31:13,615][INFO ][o.e.c.m.MetaDataMappingService] [eb4tmpS] [pages/9noD9UFTR4ePOHmKtCMFVQ] create_mapping [page]
[2017-03-26T16:31:13,759][INFO ][o.e.c.m.MetaDataDeleteIndexService] [eb4tmpS] [pages/9noD9UFTR4ePOHmKtCMFVQ] deleting index
[2017-03-26T16:31:13,840][INFO ][o.e.c.m.MetaDataCreateIndexService] [eb4tmpS] [pages] creating index, cause [auto(index api)], templates [], shards [5]/[1], mappings []
[2017-03-26T16:31:15,088][INFO ][o.e.c.m.MetaDataMappingService] [eb4tmpS] [pages/pKJCB_p2SuCtp-SLD7pAXw] create_mapping [page]
[2017-03-26T16:42:54,696][INFO ][o.e.c.m.MetaDataDeleteIndexService] [eb4tmpS] [pages/pKJCB_p2SuCtp-SLD7pAXw] deleting index
[2017-03-26T16:42:54,792][INFO ][o.e.c.m.MetaDataCreateIndexService] [eb4tmpS] [pages] creating index, cause [auto(index api)], templates [], shards [5]/[1], mappings []
[2017-03-26T16:42:55,718][INFO ][o.e.c.m.MetaDataMappingService] [eb4tmpS] [pages/yHvJLNSdSxKSbbKm0EWRaQ] create_mapping [page]
[2017-03-26T16:42:55,874][INFO ][o.e.c.m.MetaDataDeleteIndexService] [eb4tmpS] [pages/yHvJLNSdSxKSbbKm0EWRaQ] deleting index
[2017-03-26T16:42:55,952][INFO ][o.e.c.m.MetaDataCreateIndexService] [eb4tmpS] [pages] creating index, cause [auto(index api)], templates [], shards [5]/[1], mappings []
[2017-03-26T16:42:56,967][INFO ][o.e.c.m.MetaDataMappingService] [eb4tmpS] [pages/0DnDur-7RJSqCwHnWBx_Gw] create_mapping [page]
[2017-03-26T16:42:57,135][INFO ][o.e.c.m.MetaDataDeleteIndexService] [eb4tmpS] [pages/0DnDur-7RJSqCwHnWBx_Gw] deleting index
[2017-03-26T16:42:57,223][INFO ][o.e.c.m.MetaDataCreateIndexService] [eb4tmpS] [pages] creating index, cause [auto(index api)], templates [], shards [5]/[1], mappings []
[2017-03-26T16:42:58,249][INFO ][o.e.c.m.MetaDataMappingService] [eb4tmpS] [pages/w_Hcj-eoR764h2oOD01IZg] create_mapping [page]
[2017-03-26T16:43:06,565][INFO ][o.e.c.m.MetaDataDeleteIndexService] [eb4tmpS] [pages/w_Hcj-eoR764h2oOD01IZg] deleting index
[2017-03-26T16:43:06,693][INFO ][o.e.c.m.MetaDataCreateIndexService] [eb4tmpS] [pages] creating index, cause [auto(bulk api)], templates [], shards [5]/[1], mappings []
[2017-03-26T16:43:08,023][INFO ][o.e.c.m.MetaDataMappingService] [eb4tmpS] [pages/ElprjeC6R0mfjuUT0CLktQ] create_mapping [page]
[2017-03-26T16:43:31,816][INFO ][o.e.c.m.MetaDataDeleteIndexService] [eb4tmpS] [pages/ElprjeC6R0mfjuUT0CLktQ] deleting index
[2017-03-26T16:43:31,929][INFO ][o.e.c.m.MetaDataCreateIndexService] [eb4tmpS] [pages] creating index, cause [auto(bulk api)], templates [], shards [5]/[1], mappings []
[2017-03-26T16:43:32,947][INFO ][o.e.c.m.MetaDataMappingService] [eb4tmpS] [pages/c-O-pRgER-e4OMA39cO-vA] create_mapping [page]
[2017-03-26T16:43:50,873][INFO ][o.e.c.m.MetaDataDeleteIndexService] [eb4tmpS] [pages/c-O-pRgER-e4OMA39cO-vA] deleting index
[2017-03-26T16:43:50,993][INFO ][o.e.c.m.MetaDataCreateIndexService] [eb4tmpS] [pages] creating index, cause [auto(bulk api)], templates [], shards [5]/[1], mappings []
[2017-03-26T16:43:52,018][INFO ][o.e.c.m.MetaDataMappingService] [eb4tmpS] [pages/m_9V69QRQ5uLB425KD9mZg] create_mapping [page]
[2017-03-26T16:45:25,164][INFO ][o.e.c.m.MetaDataDeleteIndexService] [eb4tmpS] [pages/m_9V69QRQ5uLB425KD9mZg] deleting index
[2017-03-26T16:45:25,304][INFO ][o.e.c.m.MetaDataCreateIndexService] [eb4tmpS] [pages] creating index, cause [auto(bulk api)], templates [], shards [5]/[1], mappings []
[2017-03-26T16:45:26,349][INFO ][o.e.c.m.MetaDataMappingService] [eb4tmpS] [pages/MP_iSMtSTrCxYE7uwrDARQ] create_mapping [page]
[2017-03-26T16:46:16,735][INFO ][o.e.c.m.MetaDataDeleteIndexService] [eb4tmpS] [pages/MP_iSMtSTrCxYE7uwrDARQ] deleting index
[2017-03-26T16:46:16,876][INFO ][o.e.c.m.MetaDataCreateIndexService] [eb4tmpS] [pages] creating index, cause [auto(bulk api)], templates [], shards [5]/[1], mappings []
[2017-03-26T16:46:17,917][INFO ][o.e.c.m.MetaDataMappingService] [eb4tmpS] [pages/soX280T5TdamARoeQotmIA] create_mapping [page]
[2017-03-26T16:46:50,944][INFO ][o.e.c.m.MetaDataDeleteIndexService] [eb4tmpS] [pages/soX280T5TdamARoeQotmIA] deleting index
[2017-03-26T16:46:51,057][INFO ][o.e.c.m.MetaDataCreateIndexService] [eb4tmpS] [pages] creating index, cause [auto(bulk api)], templates [], shards [5]/[1], mappings []
[2017-03-26T16:46:52,061][INFO ][o.e.c.m.MetaDataMappingService] [eb4tmpS] [pages/9lxyeEVfSbugBgU8XIJAEA] create_mapping [page]
[2017-03-26T16:47:47,243][INFO ][o.e.c.m.MetaDataDeleteIndexService] [eb4tmpS] [pages/9lxyeEVfSbugBgU8XIJAEA] deleting index
[2017-03-26T16:47:47,377][INFO ][o.e.c.m.MetaDataCreateIndexService] [eb4tmpS] [pages] creating index, cause [auto(bulk api)], templates [], shards [5]/[1], mappings []
[2017-03-26T16:47:48,424][INFO ][o.e.c.m.MetaDataMappingService] [eb4tmpS] [pages/IegMyEZWR-mTDSMYRKF3Hw] create_mapping [page]
[2017-03-26T16:48:44,097][INFO ][o.e.c.m.MetaDataDeleteIndexService] [eb4tmpS] [pages/IegMyEZWR-mTDSMYRKF3Hw] deleting index
[2017-03-26T16:48:44,216][INFO ][o.e.c.m.MetaDataCreateIndexService] [eb4tmpS] [pages] creating index, cause [auto(bulk api)], templates [], shards [5]/[1], mappings []
[2017-03-26T16:48:45,213][INFO ][o.e.c.m.MetaDataMappingService] [eb4tmpS] [pages/BE_BFXfgRgirh6-AP8IFIg] create_mapping [page]
[2017-03-26T17:14:23,099][INFO ][o.e.n.Node               ] [eb4tmpS] stopping ...
[2017-03-26T17:14:24,191][INFO ][o.e.n.Node               ] [eb4tmpS] stopped
[2017-03-26T17:14:24,191][INFO ][o.e.n.Node               ] [eb4tmpS] closing ...
[2017-03-26T17:14:24,232][INFO ][o.e.n.Node               ] [eb4tmpS] closed
